<!DOCTYPE suite SYSTEM "http://testng.org/testng-1.0.dtd" >

<suite name="Suite 1">
	<listeners>
		<listener class-name="com.epam.reutska.helpers.ScreenShotOnFailure"></listener>
	</listeners>
	<test name="test1">
		<classes>
			<class name="com.epam.reutska.tests.SortCategoryByNameByPrice" />
		</classes>
	</test>
	<test name="test2">
		<classes>

			<class name="com.epam.reutska.tests.CompareGoods" />
		</classes>
	</test>
	<test name="test3">
		<classes>
			<class name="com.epam.reutska.tests.TestFilterByPrice" />
		</classes>
	</test>
	<test name="test4">
		<classes>
			<class name="com.epam.reutska.tests.TestFilterByProducer" />
		</classes>
	</test>
	<test name="test5">
		<classes>
			<class name="com.epam.reutska.tests.WeightAdjustment" />
		</classes>
	</test>
	<test name="test6">
		<classes>
			<class name="com.epam.reutska.tests.GoodsInformationByLink" />
		</classes>
	</test>
</suite>