<?xml version="1.0" encoding="UTF-8"?>
<!-- Generated by org.testng.reporters.JUnitReportReporter -->
<testsuite hostname="EPUAKHAW0473" name="com.epam.reutska.tests.TestFilterByPrice" tests="2" failures="0" timestamp="6 Nov 2013 15:53:40 GMT" time="34.687" errors="0">
  <testcase name="testFilterByPrice" time="19.009" classname="com.epam.reutska.tests.TestFilterByPrice"/>
  <testcase name="testFilterByPrice" time="15.678" classname="com.epam.reutska.tests.TestFilterByPrice"/>
</testsuite> <!-- com.epam.reutska.tests.TestFilterByPrice -->
