<?xml version="1.0" encoding="UTF-8"?>
<!-- Generated by org.testng.reporters.JUnitReportReporter -->
<testsuite hostname="EPUAKHAW0473" name="com.epam.reutska.tests.GoodsInformation" tests="1" failures="0" timestamp="7 Nov 2013 12:47:16 GMT" time="174.487" errors="0">
  <testcase name="testGoodsInformation" time="174.487" classname="com.epam.reutska.tests.GoodsInformation"/>
</testsuite> <!-- com.epam.reutska.tests.GoodsInformation -->
