<?xml version="1.0" encoding="UTF-8"?>
<!-- Generated by org.testng.reporters.JUnitReportReporter -->
<testsuite hostname="EPUAKHAW0473" name="com.epam.reutska.tests.TestFilterByProducer" tests="1" failures="0" timestamp="7 Nov 2013 09:04:53 GMT" time="42.020" errors="0">
  <testcase name="testFilterByProducer" time="42.020" classname="com.epam.reutska.tests.TestFilterByProducer"/>
</testsuite> <!-- com.epam.reutska.tests.TestFilterByProducer -->
