<?xml version="1.0" encoding="UTF-8"?>
<!-- Generated by org.testng.reporters.JUnitReportReporter -->
<testsuite hostname="EPUAKHAW0473" name="com.epam.reutska.tests.SortCategoryByNameByPrice" tests="2" failures="0" timestamp="6 Nov 2013 16:46:12 GMT" time="27.722" errors="0">
  <testcase name="sortRefrigeratorPrice" time="14.135" classname="com.epam.reutska.tests.SortCategoryByNameByPrice"/>
  <testcase name="sortRefrigeratorName" time="13.587" classname="com.epam.reutska.tests.SortCategoryByNameByPrice"/>
</testsuite> <!-- com.epam.reutska.tests.SortCategoryByNameByPrice -->
