<?xml version="1.0" encoding="UTF-8"?>
<!-- Generated by org.testng.reporters.JUnitReportReporter -->
<testsuite hostname="DmytroPC" name="com.epam.reutska.tests.CompareGoods" tests="3" failures="0" timestamp="31 Oct 2013 11:56:29 GMT" time="0.046" errors="0">
  <testcase name="compareGoodsSecond" time="0.001" classname="com.epam.reutska.tests.CompareGoods"/>
  <testcase name="compareGoodsFirst" time="0.004" classname="com.epam.reutska.tests.CompareGoods"/>
  <testcase name="compareHasDifferent" time="0.041" classname="com.epam.reutska.tests.CompareGoods"/>
</testsuite> <!-- com.epam.reutska.tests.CompareGoods -->
