<?xml version="1.0" encoding="UTF-8"?>
<!-- Generated by org.testng.reporters.JUnitReportReporter -->
<testsuite hostname="BestPC" name="com.epam.reutska.tests.SortRefrigeratorName" tests="2" failures="0" timestamp="31 Oct 2013 23:08:12 GMT" time="28.013" errors="0">
  <testcase name="sortRefrigeratorName" time="17.703" classname="com.epam.reutska.tests.SortRefrigeratorName"/>
  <testcase name="sortRefrigeratorName" time="10.310" classname="com.epam.reutska.tests.SortRefrigeratorName"/>
</testsuite> <!-- com.epam.reutska.tests.SortRefrigeratorName -->
