<?xml version="1.0" encoding="UTF-8"?>
<!-- Generated by org.testng.reporters.JUnitReportReporter -->
<testsuite hostname="Laptop" name="com.epam.reutska.tests.SortRefrigeratorPrice" tests="1" failures="0" timestamp="29 Oct 2013 06:48:55 GMT" time="23.465" errors="0">
  <testcase name="sortRefrigeratorPrice" time="23.465" classname="com.epam.reutska.tests.SortRefrigeratorPrice"/>
</testsuite> <!-- com.epam.reutska.tests.SortRefrigeratorPrice -->
