<?xml version="1.0" encoding="UTF-8"?>
<!-- Generated by org.testng.reporters.JUnitReportReporter -->
<testsuite hostname="BestPC" name="com.epam.reutska.tests.GoodsInformationByLink" tests="1" failures="0" timestamp="4 Nov 2013 22:43:16 GMT" time="155.172" errors="0">
  <testcase name="testGoodsInformation" time="155.172" classname="com.epam.reutska.tests.GoodsInformationByLink"/>
</testsuite> <!-- com.epam.reutska.tests.GoodsInformationByLink -->
