<?xml version="1.0" encoding="UTF-8"?>
<!-- Generated by org.testng.reporters.JUnitReportReporter -->
<testsuite hostname="EPUAKHAW0473" name="com.epam.reutska.tests.WeightAdjustment" tests="1" failures="0" timestamp="7 Nov 2013 09:22:35 GMT" time="42.961" errors="0">
  <testcase name="testWeightAdjustment" time="42.961" classname="com.epam.reutska.tests.WeightAdjustment"/>
</testsuite> <!-- com.epam.reutska.tests.WeightAdjustment -->
